c:\users\s-jobi-035\desktop\就活\yosidayuto-\吉田学園情報ビジネス専門学校_吉田悠人\03_二年 チーム制作３dアクション\0,作品ファイル\プロジェクト\3dteame\release\vc140.pdb
c:\users\s-jobi-035\desktop\就活\yosidayuto-\吉田学園情報ビジネス専門学校_吉田悠人\03_二年 チーム制作３dアクション\0,作品ファイル\プロジェクト\3dteame\release\gameoveroverlay.obj
c:\users\s-jobi-035\desktop\就活\yosidayuto-\吉田学園情報ビジネス専門学校_吉田悠人\03_二年 チーム制作３dアクション\0,作品ファイル\プロジェクト\3dteame\release\fade.obj
c:\users\s-jobi-035\desktop\就活\yosidayuto-\吉田学園情報ビジネス専門学校_吉田悠人\03_二年 チーム制作３dアクション\0,作品ファイル\プロジェクト\3dteame\release\explosion2.obj
c:\users\s-jobi-035\desktop\就活\yosidayuto-\吉田学園情報ビジネス専門学校_吉田悠人\03_二年 チーム制作３dアクション\0,作品ファイル\プロジェクト\3dteame\release\explosion.obj
c:\users\s-jobi-035\desktop\就活\yosidayuto-\吉田学園情報ビジネス専門学校_吉田悠人\03_二年 チーム制作３dアクション\0,作品ファイル\プロジェクト\3dteame\release\exclamationmark.obj
c:\users\s-jobi-035\desktop\就活\yosidayuto-\吉田学園情報ビジネス専門学校_吉田悠人\03_二年 チーム制作３dアクション\0,作品ファイル\プロジェクト\3dteame\release\enemy.obj
c:\users\s-jobi-035\desktop\就活\yosidayuto-\吉田学園情報ビジネス専門学校_吉田悠人\03_二年 チーム制作３dアクション\0,作品ファイル\プロジェクト\3dteame\release\debug.obj
c:\users\s-jobi-035\desktop\就活\yosidayuto-\吉田学園情報ビジネス専門学校_吉田悠人\03_二年 チーム制作３dアクション\0,作品ファイル\プロジェクト\3dteame\release\damage_ui.obj
c:\users\s-jobi-035\desktop\就活\yosidayuto-\吉田学園情報ビジネス専門学校_吉田悠人\03_二年 チーム制作３dアクション\0,作品ファイル\プロジェクト\3dteame\release\crosshair.obj
c:\users\s-jobi-035\desktop\就活\yosidayuto-\吉田学園情報ビジネス専門学校_吉田悠人\03_二年 チーム制作３dアクション\0,作品ファイル\プロジェクト\3dteame\release\countdown.obj
c:\users\s-jobi-035\desktop\就活\yosidayuto-\吉田学園情報ビジネス専門学校_吉田悠人\03_二年 チーム制作３dアクション\0,作品ファイル\プロジェクト\3dteame\release\continuebutton.obj
c:\users\s-jobi-035\desktop\就活\yosidayuto-\吉田学園情報ビジネス専門学校_吉田悠人\03_二年 チーム制作３dアクション\0,作品ファイル\プロジェクト\3dteame\release\computer.obj
c:\users\s-jobi-035\desktop\就活\yosidayuto-\吉田学園情報ビジネス専門学校_吉田悠人\03_二年 チーム制作３dアクション\0,作品ファイル\プロジェクト\3dteame\release\clear.obj
c:\users\s-jobi-035\desktop\就活\yosidayuto-\吉田学園情報ビジネス専門学校_吉田悠人\03_二年 チーム制作３dアクション\0,作品ファイル\プロジェクト\3dteame\release\camera.obj
c:\users\s-jobi-035\desktop\就活\yosidayuto-\吉田学園情報ビジネス専門学校_吉田悠人\03_二年 チーム制作３dアクション\0,作品ファイル\プロジェクト\3dteame\release\button.obj
c:\users\s-jobi-035\desktop\就活\yosidayuto-\吉田学園情報ビジネス専門学校_吉田悠人\03_二年 チーム制作３dアクション\0,作品ファイル\プロジェクト\3dteame\release\bullet_ui.obj
c:\users\s-jobi-035\desktop\就活\yosidayuto-\吉田学園情報ビジネス専門学校_吉田悠人\03_二年 チーム制作３dアクション\0,作品ファイル\プロジェクト\3dteame\release\blood.obj
c:\users\s-jobi-035\desktop\就活\yosidayuto-\吉田学園情報ビジネス専門学校_吉田悠人\03_二年 チーム制作３dアクション\0,作品ファイル\プロジェクト\3dteame\release\billboard.obj
c:\users\s-jobi-035\desktop\就活\yosidayuto-\吉田学園情報ビジネス専門学校_吉田悠人\03_二年 チーム制作３dアクション\0,作品ファイル\プロジェクト\3dteame\release\assaultbutton.obj
c:\users\s-jobi-035\desktop\就活\yosidayuto-\吉田学園情報ビジネス専門学校_吉田悠人\03_二年 チーム制作３dアクション\0,作品ファイル\プロジェクト\3dteame\release\animation.obj
c:\users\s-jobi-035\desktop\就活\yosidayuto-\吉田学園情報ビジネス専門学校_吉田悠人\03_二年 チーム制作３dアクション\0,作品ファイル\プロジェクト\3dteame\release\meshfield_cylinder.obj
c:\users\s-jobi-035\desktop\就活\yosidayuto-\吉田学園情報ビジネス専門学校_吉田悠人\03_二年 チーム制作３dアクション\0,作品ファイル\プロジェクト\3dteame\release\map04.obj
c:\users\s-jobi-035\desktop\就活\yosidayuto-\吉田学園情報ビジネス専門学校_吉田悠人\03_二年 チーム制作３dアクション\0,作品ファイル\プロジェクト\3dteame\release\map03.obj
c:\users\s-jobi-035\desktop\就活\yosidayuto-\吉田学園情報ビジネス専門学校_吉田悠人\03_二年 チーム制作３dアクション\0,作品ファイル\プロジェクト\3dteame\release\map02.obj
c:\users\s-jobi-035\desktop\就活\yosidayuto-\吉田学園情報ビジネス専門学校_吉田悠人\03_二年 チーム制作３dアクション\0,作品ファイル\プロジェクト\3dteame\release\map01.obj
c:\users\s-jobi-035\desktop\就活\yosidayuto-\吉田学園情報ビジネス専門学校_吉田悠人\03_二年 チーム制作３dアクション\0,作品ファイル\プロジェクト\3dteame\release\manager.obj
c:\users\s-jobi-035\desktop\就活\yosidayuto-\吉田学園情報ビジネス専門学校_吉田悠人\03_二年 チーム制作３dアクション\0,作品ファイル\プロジェクト\3dteame\release\main.obj
c:\users\s-jobi-035\desktop\就活\yosidayuto-\吉田学園情報ビジネス専門学校_吉田悠人\03_二年 チーム制作３dアクション\0,作品ファイル\プロジェクト\3dteame\release\line.obj
c:\users\s-jobi-035\desktop\就活\yosidayuto-\吉田学園情報ビジネス専門学校_吉田悠人\03_二年 チーム制作３dアクション\0,作品ファイル\プロジェクト\3dteame\release\light_enemy.obj
c:\users\s-jobi-035\desktop\就活\yosidayuto-\吉田学園情報ビジネス専門学校_吉田悠人\03_二年 チーム制作３dアクション\0,作品ファイル\プロジェクト\3dteame\release\light.obj
c:\users\s-jobi-035\desktop\就活\yosidayuto-\吉田学園情報ビジネス専門学校_吉田悠人\03_二年 チーム制作３dアクション\0,作品ファイル\プロジェクト\3dteame\release\item_ui.obj
c:\users\s-jobi-035\desktop\就活\yosidayuto-\吉田学園情報ビジネス専門学校_吉田悠人\03_二年 チーム制作３dアクション\0,作品ファイル\プロジェクト\3dteame\release\item.obj
c:\users\s-jobi-035\desktop\就活\yosidayuto-\吉田学園情報ビジネス専門学校_吉田悠人\03_二年 チーム制作３dアクション\0,作品ファイル\プロジェクト\3dteame\release\inputmouse.obj
c:\users\s-jobi-035\desktop\就活\yosidayuto-\吉田学園情報ビジネス専門学校_吉田悠人\03_二年 チーム制作３dアクション\0,作品ファイル\プロジェクト\3dteame\release\inputkeyboard.obj
c:\users\s-jobi-035\desktop\就活\yosidayuto-\吉田学園情報ビジネス専門学校_吉田悠人\03_二年 チーム制作３dアクション\0,作品ファイル\プロジェクト\3dteame\release\inputjoystick.obj
c:\users\s-jobi-035\desktop\就活\yosidayuto-\吉田学園情報ビジネス専門学校_吉田悠人\03_二年 チーム制作３dアクション\0,作品ファイル\プロジェクト\3dteame\release\input.obj
c:\users\s-jobi-035\desktop\就活\yosidayuto-\吉田学園情報ビジネス専門学校_吉田悠人\03_二年 チーム制作３dアクション\0,作品ファイル\プロジェクト\3dteame\release\hiteffect.obj
c:\users\s-jobi-035\desktop\就活\yosidayuto-\吉田学園情報ビジネス専門学校_吉田悠人\03_二年 チーム制作３dアクション\0,作品ファイル\プロジェクト\3dteame\release\heavy_enemy.obj
c:\users\s-jobi-035\desktop\就活\yosidayuto-\吉田学園情報ビジネス専門学校_吉田悠人\03_二年 チーム制作３dアクション\0,作品ファイル\プロジェクト\3dteame\release\handgunbutton.obj
c:\users\s-jobi-035\desktop\就活\yosidayuto-\吉田学園情報ビジネス専門学校_吉田悠人\03_二年 チーム制作３dアクション\0,作品ファイル\プロジェクト\3dteame\release\goal.obj
c:\users\s-jobi-035\desktop\就活\yosidayuto-\吉田学園情報ビジネス専門学校_吉田悠人\03_二年 チーム制作３dアクション\0,作品ファイル\プロジェクト\3dteame\release\stage01.obj
c:\users\s-jobi-035\desktop\就活\yosidayuto-\吉田学園情報ビジネス専門学校_吉田悠人\03_二年 チーム制作３dアクション\0,作品ファイル\プロジェクト\3dteame\release\sound.obj
c:\users\s-jobi-035\desktop\就活\yosidayuto-\吉田学園情報ビジネス専門学校_吉田悠人\03_二年 チーム制作３dアクション\0,作品ファイル\プロジェクト\3dteame\release\returntitlebutton.obj
c:\users\s-jobi-035\desktop\就活\yosidayuto-\吉田学園情報ビジネス専門学校_吉田悠人\03_二年 チーム制作３dアクション\0,作品ファイル\プロジェクト\3dteame\release\retrybutton.obj
c:\users\s-jobi-035\desktop\就活\yosidayuto-\吉田学園情報ビジネス専門学校_吉田悠人\03_二年 チーム制作３dアクション\0,作品ファイル\プロジェクト\3dteame\release\resultscene.obj
c:\users\s-jobi-035\desktop\就活\yosidayuto-\吉田学園情報ビジネス専門学校_吉田悠人\03_二年 チーム制作３dアクション\0,作品ファイル\プロジェクト\3dteame\release\result.obj
c:\users\s-jobi-035\desktop\就活\yosidayuto-\吉田学園情報ビジネス専門学校_吉田悠人\03_二年 チーム制作３dアクション\0,作品ファイル\プロジェクト\3dteame\release\object3d.obj
c:\users\s-jobi-035\desktop\就活\yosidayuto-\吉田学園情報ビジネス専門学校_吉田悠人\03_二年 チーム制作３dアクション\0,作品ファイル\プロジェクト\3dteame\release\object2d.obj
c:\users\s-jobi-035\desktop\就活\yosidayuto-\吉田学園情報ビジネス専門学校_吉田悠人\03_二年 チーム制作３dアクション\0,作品ファイル\プロジェクト\3dteame\release\object.obj
c:\users\s-jobi-035\desktop\就活\yosidayuto-\吉田学園情報ビジネス専門学校_吉田悠人\03_二年 チーム制作３dアクション\0,作品ファイル\プロジェクト\3dteame\release\renderer.obj
c:\users\s-jobi-035\desktop\就活\yosidayuto-\吉田学園情報ビジネス専門学校_吉田悠人\03_二年 チーム制作３dアクション\0,作品ファイル\プロジェクト\3dteame\release\question.obj
c:\users\s-jobi-035\desktop\就活\yosidayuto-\吉田学園情報ビジネス専門学校_吉田悠人\03_二年 チーム制作３dアクション\0,作品ファイル\プロジェクト\3dteame\release\polygon3d.obj
c:\users\s-jobi-035\desktop\就活\yosidayuto-\吉田学園情報ビジネス専門学校_吉田悠人\03_二年 チーム制作３dアクション\0,作品ファイル\プロジェクト\3dteame\release\player.obj
c:\users\s-jobi-035\desktop\就活\yosidayuto-\吉田学園情報ビジネス専門学校_吉田悠人\03_二年 チーム制作３dアクション\0,作品ファイル\プロジェクト\3dteame\release\pause.obj
c:\users\s-jobi-035\desktop\就活\yosidayuto-\吉田学園情報ビジネス専門学校_吉田悠人\03_二年 チーム制作３dアクション\0,作品ファイル\プロジェクト\3dteame\release\obstacle.obj
c:\users\s-jobi-035\desktop\就活\yosidayuto-\吉田学園情報ビジネス専門学校_吉田悠人\03_二年 チーム制作３dアクション\0,作品ファイル\プロジェクト\3dteame\release\number.obj
c:\users\s-jobi-035\desktop\就活\yosidayuto-\吉田学園情報ビジネス専門学校_吉田悠人\03_二年 チーム制作３dアクション\0,作品ファイル\プロジェクト\3dteame\release\muzzleflash.obj
c:\users\s-jobi-035\desktop\就活\yosidayuto-\吉田学園情報ビジネス専門学校_吉田悠人\03_二年 チーム制作３dアクション\0,作品ファイル\プロジェクト\3dteame\release\monitor.obj
c:\users\s-jobi-035\desktop\就活\yosidayuto-\吉田学園情報ビジネス専門学校_吉田悠人\03_二年 チーム制作３dアクション\0,作品ファイル\プロジェクト\3dteame\release\model.obj
c:\users\s-jobi-035\desktop\就活\yosidayuto-\吉田学園情報ビジネス専門学校_吉田悠人\03_二年 チーム制作３dアクション\0,作品ファイル\プロジェクト\3dteame\release\mission.obj
c:\users\s-jobi-035\desktop\就活\yosidayuto-\吉田学園情報ビジネス専門学校_吉田悠人\03_二年 チーム制作３dアクション\0,作品ファイル\プロジェクト\3dteame\release\woodenbox.obj
c:\users\s-jobi-035\desktop\就活\yosidayuto-\吉田学園情報ビジネス専門学校_吉田悠人\03_二年 チーム制作３dアクション\0,作品ファイル\プロジェクト\3dteame\release\weapons_ui.obj
c:\users\s-jobi-035\desktop\就活\yosidayuto-\吉田学園情報ビジネス専門学校_吉田悠人\03_二年 チーム制作３dアクション\0,作品ファイル\プロジェクト\3dteame\release\weaponselectscene.obj
c:\users\s-jobi-035\desktop\就活\yosidayuto-\吉田学園情報ビジネス専門学校_吉田悠人\03_二年 チーム制作３dアクション\0,作品ファイル\プロジェクト\3dteame\release\weaponselect.obj
c:\users\s-jobi-035\desktop\就活\yosidayuto-\吉田学園情報ビジネス専門学校_吉田悠人\03_二年 チーム制作３dアクション\0,作品ファイル\プロジェクト\3dteame\release\uav.obj
c:\users\s-jobi-035\desktop\就活\yosidayuto-\吉田学園情報ビジネス専門学校_吉田悠人\03_二年 チーム制作３dアクション\0,作品ファイル\プロジェクト\3dteame\release\tutorialstage.obj
c:\users\s-jobi-035\desktop\就活\yosidayuto-\吉田学園情報ビジネス専門学校_吉田悠人\03_二年 チーム制作３dアクション\0,作品ファイル\プロジェクト\3dteame\release\tutorialbutton.obj
c:\users\s-jobi-035\desktop\就活\yosidayuto-\吉田学園情報ビジネス専門学校_吉田悠人\03_二年 チーム制作３dアクション\0,作品ファイル\プロジェクト\3dteame\release\tutorial.obj
c:\users\s-jobi-035\desktop\就活\yosidayuto-\吉田学園情報ビジネス専門学校_吉田悠人\03_二年 チーム制作３dアクション\0,作品ファイル\プロジェクト\3dteame\release\trap.obj
c:\users\s-jobi-035\desktop\就活\yosidayuto-\吉田学園情報ビジネス専門学校_吉田悠人\03_二年 チーム制作３dアクション\0,作品ファイル\プロジェクト\3dteame\release\titlelogo.obj
c:\users\s-jobi-035\desktop\就活\yosidayuto-\吉田学園情報ビジネス専門学校_吉田悠人\03_二年 チーム制作３dアクション\0,作品ファイル\プロジェクト\3dteame\release\title.obj
c:\users\s-jobi-035\desktop\就活\yosidayuto-\吉田学園情報ビジネス専門学校_吉田悠人\03_二年 チーム制作３dアクション\0,作品ファイル\プロジェクト\3dteame\release\startbutton.obj
c:\users\s-jobi-035\desktop\就活\yosidayuto-\吉田学園情報ビジネス専門学校_吉田悠人\03_二年 チーム制作３dアクション\0,作品ファイル\プロジェクト\3dteame\release\stage04.obj
c:\users\s-jobi-035\desktop\就活\yosidayuto-\吉田学園情報ビジネス専門学校_吉田悠人\03_二年 チーム制作３dアクション\0,作品ファイル\プロジェクト\3dteame\release\stage03.obj
c:\users\s-jobi-035\desktop\就活\yosidayuto-\吉田学園情報ビジネス専門学校_吉田悠人\03_二年 チーム制作３dアクション\0,作品ファイル\プロジェクト\3dteame\release\stage02.obj
c:\users\s-jobi-035\desktop\就活\yosidayuto-\吉田学園情報ビジネス専門学校_吉田悠人\03_二年 チーム制作３dアクション\0,作品ファイル\プロジェクト\release\3dteame.exe
c:\users\s-jobi-035\desktop\就活\yosidayuto-\吉田学園情報ビジネス専門学校_吉田悠人\03_二年 チーム制作３dアクション\0,作品ファイル\プロジェクト\release\3dteame.ipdb
c:\users\s-jobi-035\desktop\就活\yosidayuto-\吉田学園情報ビジネス専門学校_吉田悠人\03_二年 チーム制作３dアクション\0,作品ファイル\プロジェクト\release\3dteame.iobj
c:\users\s-jobi-035\desktop\就活\yosidayuto-\吉田学園情報ビジネス専門学校_吉田悠人\03_二年 チーム制作３dアクション\0,作品ファイル\プロジェクト\release\3dteame.pdb
c:\users\s-jobi-035\desktop\就活\yosidayuto-\吉田学園情報ビジネス専門学校_吉田悠人\03_二年 チーム制作３dアクション\0,作品ファイル\プロジェクト\3dteame\release\3dteame.tlog\cl.command.1.tlog
c:\users\s-jobi-035\desktop\就活\yosidayuto-\吉田学園情報ビジネス専門学校_吉田悠人\03_二年 チーム制作３dアクション\0,作品ファイル\プロジェクト\3dteame\release\3dteame.tlog\cl.read.1.tlog
c:\users\s-jobi-035\desktop\就活\yosidayuto-\吉田学園情報ビジネス専門学校_吉田悠人\03_二年 チーム制作３dアクション\0,作品ファイル\プロジェクト\3dteame\release\3dteame.tlog\cl.write.1.tlog
c:\users\s-jobi-035\desktop\就活\yosidayuto-\吉田学園情報ビジネス専門学校_吉田悠人\03_二年 チーム制作３dアクション\0,作品ファイル\プロジェクト\3dteame\release\3dteame.tlog\link.command.1.tlog
c:\users\s-jobi-035\desktop\就活\yosidayuto-\吉田学園情報ビジネス専門学校_吉田悠人\03_二年 チーム制作３dアクション\0,作品ファイル\プロジェクト\3dteame\release\3dteame.tlog\link.read.1.tlog
c:\users\s-jobi-035\desktop\就活\yosidayuto-\吉田学園情報ビジネス専門学校_吉田悠人\03_二年 チーム制作３dアクション\0,作品ファイル\プロジェクト\3dteame\release\3dteame.tlog\link.write.1.tlog
