C:\Program Files (x86)\MSBuild\Microsoft.Cpp\v4.0\V140\Microsoft.CppBuild.targets(392,5): warning MSB8028: The intermediate directory (Release\) contains files shared from another project (制作実践　クラス分け.vcxproj).  This can lead to incorrect clean and rebuild behavior.
  Background.cpp
  C:\Program Files (x86)\Microsoft DirectX SDK (June 2010)\Include\dinput.h: DIRECTINPUT_VERSION undefined. Defaulting to version 0x0800
c:\users\s-jobi-035\desktop\yosidayuto-\吉田学園情報ビジネス専門_吉田悠人\バーチャルシューティング\開発環境\バーチャルシューティング\制作実践　クラス分け\main.h(33): warning C4005: 'DIRECTINPUT_VERSION': マクロが再定義されました。
  C:\Program Files (x86)\Microsoft DirectX SDK (June 2010)\Include\dinput.h(42): note: 'DIRECTINPUT_VERSION' の以前の定義を確認してください
c:\users\s-jobi-035\desktop\yosidayuto-\吉田学園情報ビジネス専門_吉田悠人\バーチャルシューティング\開発環境\バーチャルシューティング\制作実践　クラス分け\scene.h(12): warning C4005: 'MAX_PRIORITY': マクロが再定義されました。
  C:\Program Files (x86)\Windows Kits\8.1\Include\um\winspool.h(307): note: 'MAX_PRIORITY' の以前の定義を確認してください
  bg_game.cpp
  C:\Program Files (x86)\Microsoft DirectX SDK (June 2010)\Include\dinput.h: DIRECTINPUT_VERSION undefined. Defaulting to version 0x0800
c:\users\s-jobi-035\desktop\yosidayuto-\吉田学園情報ビジネス専門_吉田悠人\バーチャルシューティング\開発環境\バーチャルシューティング\制作実践　クラス分け\main.h(33): warning C4005: 'DIRECTINPUT_VERSION': マクロが再定義されました。
  C:\Program Files (x86)\Microsoft DirectX SDK (June 2010)\Include\dinput.h(42): note: 'DIRECTINPUT_VERSION' の以前の定義を確認してください
c:\users\s-jobi-035\desktop\yosidayuto-\吉田学園情報ビジネス専門_吉田悠人\バーチャルシューティング\開発環境\バーチャルシューティング\制作実践　クラス分け\scene.h(12): warning C4005: 'MAX_PRIORITY': マクロが再定義されました。
  C:\Program Files (x86)\Windows Kits\8.1\Include\um\winspool.h(307): note: 'MAX_PRIORITY' の以前の定義を確認してください
  boss.cpp
  C:\Program Files (x86)\Microsoft DirectX SDK (June 2010)\Include\dinput.h: DIRECTINPUT_VERSION undefined. Defaulting to version 0x0800
c:\users\s-jobi-035\desktop\yosidayuto-\吉田学園情報ビジネス専門_吉田悠人\バーチャルシューティング\開発環境\バーチャルシューティング\制作実践　クラス分け\main.h(33): warning C4005: 'DIRECTINPUT_VERSION': マクロが再定義されました。
  C:\Program Files (x86)\Microsoft DirectX SDK (June 2010)\Include\dinput.h(42): note: 'DIRECTINPUT_VERSION' の以前の定義を確認してください
c:\users\s-jobi-035\desktop\yosidayuto-\吉田学園情報ビジネス専門_吉田悠人\バーチャルシューティング\開発環境\バーチャルシューティング\制作実践　クラス分け\scene.h(12): warning C4005: 'MAX_PRIORITY': マクロが再定義されました。
  C:\Program Files (x86)\Windows Kits\8.1\Include\um\winspool.h(307): note: 'MAX_PRIORITY' の以前の定義を確認してください
boss.cpp(514): warning C4244: '引数': 'int' から 'FLOAT' への変換です。データが失われる可能性があります。
boss.cpp(517): warning C4244: '引数': 'int' から 'FLOAT' への変換です。データが失われる可能性があります。
boss.cpp(563): warning C4244: '初期化中': 'double' から 'float' への変換です。データが失われる可能性があります。
  boss_anime.cpp
  C:\Program Files (x86)\Microsoft DirectX SDK (June 2010)\Include\dinput.h: DIRECTINPUT_VERSION undefined. Defaulting to version 0x0800
c:\users\s-jobi-035\desktop\yosidayuto-\吉田学園情報ビジネス専門_吉田悠人\バーチャルシューティング\開発環境\バーチャルシューティング\制作実践　クラス分け\main.h(33): warning C4005: 'DIRECTINPUT_VERSION': マクロが再定義されました。
  C:\Program Files (x86)\Microsoft DirectX SDK (June 2010)\Include\dinput.h(42): note: 'DIRECTINPUT_VERSION' の以前の定義を確認してください
c:\users\s-jobi-035\desktop\yosidayuto-\吉田学園情報ビジネス専門_吉田悠人\バーチャルシューティング\開発環境\バーチャルシューティング\制作実践　クラス分け\scene.h(12): warning C4005: 'MAX_PRIORITY': マクロが再定義されました。
  C:\Program Files (x86)\Windows Kits\8.1\Include\um\winspool.h(307): note: 'MAX_PRIORITY' の以前の定義を確認してください
  bullet.cpp
  C:\Program Files (x86)\Microsoft DirectX SDK (June 2010)\Include\dinput.h: DIRECTINPUT_VERSION undefined. Defaulting to version 0x0800
c:\users\s-jobi-035\desktop\yosidayuto-\吉田学園情報ビジネス専門_吉田悠人\バーチャルシューティング\開発環境\バーチャルシューティング\制作実践　クラス分け\main.h(33): warning C4005: 'DIRECTINPUT_VERSION': マクロが再定義されました。
  C:\Program Files (x86)\Microsoft DirectX SDK (June 2010)\Include\dinput.h(42): note: 'DIRECTINPUT_VERSION' の以前の定義を確認してください
c:\users\s-jobi-035\desktop\yosidayuto-\吉田学園情報ビジネス専門_吉田悠人\バーチャルシューティング\開発環境\バーチャルシューティング\制作実践　クラス分け\scene.h(12): warning C4005: 'MAX_PRIORITY': マクロが再定義されました。
  C:\Program Files (x86)\Windows Kits\8.1\Include\um\winspool.h(307): note: 'MAX_PRIORITY' の以前の定義を確認してください
  button.cpp
  C:\Program Files (x86)\Microsoft DirectX SDK (June 2010)\Include\dinput.h: DIRECTINPUT_VERSION undefined. Defaulting to version 0x0800
c:\users\s-jobi-035\desktop\yosidayuto-\吉田学園情報ビジネス専門_吉田悠人\バーチャルシューティング\開発環境\バーチャルシューティング\制作実践　クラス分け\main.h(33): warning C4005: 'DIRECTINPUT_VERSION': マクロが再定義されました。
  C:\Program Files (x86)\Microsoft DirectX SDK (June 2010)\Include\dinput.h(42): note: 'DIRECTINPUT_VERSION' の以前の定義を確認してください
c:\users\s-jobi-035\desktop\yosidayuto-\吉田学園情報ビジネス専門_吉田悠人\バーチャルシューティング\開発環境\バーチャルシューティング\制作実践　クラス分け\scene.h(12): warning C4005: 'MAX_PRIORITY': マクロが再定義されました。
  C:\Program Files (x86)\Windows Kits\8.1\Include\um\winspool.h(307): note: 'MAX_PRIORITY' の以前の定義を確認してください
button.cpp(234): warning C4244: '引数': 'LONG' から 'FLOAT' への変換です。データが失われる可能性があります。
  clear.cpp
  C:\Program Files (x86)\Microsoft DirectX SDK (June 2010)\Include\dinput.h: DIRECTINPUT_VERSION undefined. Defaulting to version 0x0800
c:\users\s-jobi-035\desktop\yosidayuto-\吉田学園情報ビジネス専門_吉田悠人\バーチャルシューティング\開発環境\バーチャルシューティング\制作実践　クラス分け\main.h(33): warning C4005: 'DIRECTINPUT_VERSION': マクロが再定義されました。
  C:\Program Files (x86)\Microsoft DirectX SDK (June 2010)\Include\dinput.h(42): note: 'DIRECTINPUT_VERSION' の以前の定義を確認してください
c:\users\s-jobi-035\desktop\yosidayuto-\吉田学園情報ビジネス専門_吉田悠人\バーチャルシューティング\開発環境\バーチャルシューティング\制作実践　クラス分け\scene.h(12): warning C4005: 'MAX_PRIORITY': マクロが再定義されました。
  C:\Program Files (x86)\Windows Kits\8.1\Include\um\winspool.h(307): note: 'MAX_PRIORITY' の以前の定義を確認してください
  effect.cpp
  C:\Program Files (x86)\Microsoft DirectX SDK (June 2010)\Include\dinput.h: DIRECTINPUT_VERSION undefined. Defaulting to version 0x0800
c:\users\s-jobi-035\desktop\yosidayuto-\吉田学園情報ビジネス専門_吉田悠人\バーチャルシューティング\開発環境\バーチャルシューティング\制作実践　クラス分け\main.h(33): warning C4005: 'DIRECTINPUT_VERSION': マクロが再定義されました。
  C:\Program Files (x86)\Microsoft DirectX SDK (June 2010)\Include\dinput.h(42): note: 'DIRECTINPUT_VERSION' の以前の定義を確認してください
c:\users\s-jobi-035\desktop\yosidayuto-\吉田学園情報ビジネス専門_吉田悠人\バーチャルシューティング\開発環境\バーチャルシューティング\制作実践　クラス分け\scene.h(12): warning C4005: 'MAX_PRIORITY': マクロが再定義されました。
  C:\Program Files (x86)\Windows Kits\8.1\Include\um\winspool.h(307): note: 'MAX_PRIORITY' の以前の定義を確認してください
  enemy.cpp
  C:\Program Files (x86)\Microsoft DirectX SDK (June 2010)\Include\dinput.h: DIRECTINPUT_VERSION undefined. Defaulting to version 0x0800
c:\users\s-jobi-035\desktop\yosidayuto-\吉田学園情報ビジネス専門_吉田悠人\バーチャルシューティング\開発環境\バーチャルシューティング\制作実践　クラス分け\main.h(33): warning C4005: 'DIRECTINPUT_VERSION': マクロが再定義されました。
  C:\Program Files (x86)\Microsoft DirectX SDK (June 2010)\Include\dinput.h(42): note: 'DIRECTINPUT_VERSION' の以前の定義を確認してください
c:\users\s-jobi-035\desktop\yosidayuto-\吉田学園情報ビジネス専門_吉田悠人\バーチャルシューティング\開発環境\バーチャルシューティング\制作実践　クラス分け\scene.h(12): warning C4005: 'MAX_PRIORITY': マクロが再定義されました。
  C:\Program Files (x86)\Windows Kits\8.1\Include\um\winspool.h(307): note: 'MAX_PRIORITY' の以前の定義を確認してください
enemy.cpp(13): warning C4005: 'PLAYER_SIZE': マクロが再定義されました。
  c:\users\s-jobi-035\desktop\yosidayuto-\吉田学園情報ビジネス専門_吉田悠人\バーチャルシューティング\開発環境\バーチャルシューティング\制作実践　クラス分け\enemy.h(11): note: 'PLAYER_SIZE' の以前の定義を確認してください
enemy.cpp(423): warning C4244: '初期化中': 'double' から 'float' への変換です。データが失われる可能性があります。
  explosion.cpp
  C:\Program Files (x86)\Microsoft DirectX SDK (June 2010)\Include\dinput.h: DIRECTINPUT_VERSION undefined. Defaulting to version 0x0800
c:\users\s-jobi-035\desktop\yosidayuto-\吉田学園情報ビジネス専門_吉田悠人\バーチャルシューティング\開発環境\バーチャルシューティング\制作実践　クラス分け\main.h(33): warning C4005: 'DIRECTINPUT_VERSION': マクロが再定義されました。
  C:\Program Files (x86)\Microsoft DirectX SDK (June 2010)\Include\dinput.h(42): note: 'DIRECTINPUT_VERSION' の以前の定義を確認してください
c:\users\s-jobi-035\desktop\yosidayuto-\吉田学園情報ビジネス専門_吉田悠人\バーチャルシューティング\開発環境\バーチャルシューティング\制作実践　クラス分け\scene.h(12): warning C4005: 'MAX_PRIORITY': マクロが再定義されました。
  C:\Program Files (x86)\Windows Kits\8.1\Include\um\winspool.h(307): note: 'MAX_PRIORITY' の以前の定義を確認してください
  fade.cpp
  C:\Program Files (x86)\Microsoft DirectX SDK (June 2010)\Include\dinput.h: DIRECTINPUT_VERSION undefined. Defaulting to version 0x0800
c:\users\s-jobi-035\desktop\yosidayuto-\吉田学園情報ビジネス専門_吉田悠人\バーチャルシューティング\開発環境\バーチャルシューティング\制作実践　クラス分け\main.h(33): warning C4005: 'DIRECTINPUT_VERSION': マクロが再定義されました。
  C:\Program Files (x86)\Microsoft DirectX SDK (June 2010)\Include\dinput.h(42): note: 'DIRECTINPUT_VERSION' の以前の定義を確認してください
c:\users\s-jobi-035\desktop\yosidayuto-\吉田学園情報ビジネス専門_吉田悠人\バーチャルシューティング\開発環境\バーチャルシューティング\制作実践　クラス分け\scene.h(12): warning C4005: 'MAX_PRIORITY': マクロが再定義されました。
  C:\Program Files (x86)\Windows Kits\8.1\Include\um\winspool.h(307): note: 'MAX_PRIORITY' の以前の定義を確認してください
  game.cpp
  C:\Program Files (x86)\Microsoft DirectX SDK (June 2010)\Include\dinput.h: DIRECTINPUT_VERSION undefined. Defaulting to version 0x0800
c:\users\s-jobi-035\desktop\yosidayuto-\吉田学園情報ビジネス専門_吉田悠人\バーチャルシューティング\開発環境\バーチャルシューティング\制作実践　クラス分け\main.h(33): warning C4005: 'DIRECTINPUT_VERSION': マクロが再定義されました。
  C:\Program Files (x86)\Microsoft DirectX SDK (June 2010)\Include\dinput.h(42): note: 'DIRECTINPUT_VERSION' の以前の定義を確認してください
c:\users\s-jobi-035\desktop\yosidayuto-\吉田学園情報ビジネス専門_吉田悠人\バーチャルシューティング\開発環境\バーチャルシューティング\制作実践　クラス分け\scene.h(12): warning C4005: 'MAX_PRIORITY': マクロが再定義されました。
  C:\Program Files (x86)\Windows Kits\8.1\Include\um\winspool.h(307): note: 'MAX_PRIORITY' の以前の定義を確認してください
  homing.cpp
  C:\Program Files (x86)\Microsoft DirectX SDK (June 2010)\Include\dinput.h: DIRECTINPUT_VERSION undefined. Defaulting to version 0x0800
c:\users\s-jobi-035\desktop\yosidayuto-\吉田学園情報ビジネス専門_吉田悠人\バーチャルシューティング\開発環境\バーチャルシューティング\制作実践　クラス分け\main.h(33): warning C4005: 'DIRECTINPUT_VERSION': マクロが再定義されました。
  C:\Program Files (x86)\Microsoft DirectX SDK (June 2010)\Include\dinput.h(42): note: 'DIRECTINPUT_VERSION' の以前の定義を確認してください
c:\users\s-jobi-035\desktop\yosidayuto-\吉田学園情報ビジネス専門_吉田悠人\バーチャルシューティング\開発環境\バーチャルシューティング\制作実践　クラス分け\scene.h(12): warning C4005: 'MAX_PRIORITY': マクロが再定義されました。
  C:\Program Files (x86)\Windows Kits\8.1\Include\um\winspool.h(307): note: 'MAX_PRIORITY' の以前の定義を確認してください
homing.cpp(236): warning C4244: '初期化中': 'float' から 'int' への変換です。データが失われる可能性があります。
homing.cpp(237): warning C4244: '初期化中': 'double' から 'int' への変換です。データが失われる可能性があります。
  inihkeyboard.cpp
  C:\Program Files (x86)\Microsoft DirectX SDK (June 2010)\Include\dinput.h: DIRECTINPUT_VERSION undefined. Defaulting to version 0x0800
c:\users\s-jobi-035\desktop\yosidayuto-\吉田学園情報ビジネス専門_吉田悠人\バーチャルシューティング\開発環境\バーチャルシューティング\制作実践　クラス分け\main.h(33): warning C4005: 'DIRECTINPUT_VERSION': マクロが再定義されました。
  C:\Program Files (x86)\Microsoft DirectX SDK (June 2010)\Include\dinput.h(42): note: 'DIRECTINPUT_VERSION' の以前の定義を確認してください
  input.cpp
  C:\Program Files (x86)\Microsoft DirectX SDK (June 2010)\Include\dinput.h: DIRECTINPUT_VERSION undefined. Defaulting to version 0x0800
c:\users\s-jobi-035\desktop\yosidayuto-\吉田学園情報ビジネス専門_吉田悠人\バーチャルシューティング\開発環境\バーチャルシューティング\制作実践　クラス分け\main.h(33): warning C4005: 'DIRECTINPUT_VERSION': マクロが再定義されました。
  C:\Program Files (x86)\Microsoft DirectX SDK (June 2010)\Include\dinput.h(42): note: 'DIRECTINPUT_VERSION' の以前の定義を確認してください
input.cpp(35): warning C4353: 非標準の拡張機能が使用: 関数式として定数 0 が使用されています。本来の '__noop' 関数を使用してください
input.cpp(41): warning C4353: 非標準の拡張機能が使用: 関数式として定数 0 が使用されています。本来の '__noop' 関数を使用してください
  inputmouse.cpp
  C:\Program Files (x86)\Microsoft DirectX SDK (June 2010)\Include\dinput.h: DIRECTINPUT_VERSION undefined. Defaulting to version 0x0800
c:\users\s-jobi-035\desktop\yosidayuto-\吉田学園情報ビジネス専門_吉田悠人\バーチャルシューティング\開発環境\バーチャルシューティング\制作実践　クラス分け\main.h(33): warning C4005: 'DIRECTINPUT_VERSION': マクロが再定義されました。
  C:\Program Files (x86)\Microsoft DirectX SDK (June 2010)\Include\dinput.h(42): note: 'DIRECTINPUT_VERSION' の以前の定義を確認してください
inputmouse.cpp(11): warning C4244: '=': 'float' から 'LONG' への変換です。データが失われる可能性があります。
inputmouse.cpp(12): warning C4244: '=': 'float' から 'LONG' への変換です。データが失われる可能性があります。
inputmouse.cpp(34): warning C4244: '=': 'float' から 'LONG' への変換です。データが失われる可能性があります。
inputmouse.cpp(35): warning C4244: '=': 'float' から 'LONG' への変換です。データが失われる可能性があります。
  laser.cpp
  C:\Program Files (x86)\Microsoft DirectX SDK (June 2010)\Include\dinput.h: DIRECTINPUT_VERSION undefined. Defaulting to version 0x0800
c:\users\s-jobi-035\desktop\yosidayuto-\吉田学園情報ビジネス専門_吉田悠人\バーチャルシューティング\開発環境\バーチャルシューティング\制作実践　クラス分け\main.h(33): warning C4005: 'DIRECTINPUT_VERSION': マクロが再定義されました。
  C:\Program Files (x86)\Microsoft DirectX SDK (June 2010)\Include\dinput.h(42): note: 'DIRECTINPUT_VERSION' の以前の定義を確認してください
c:\users\s-jobi-035\desktop\yosidayuto-\吉田学園情報ビジネス専門_吉田悠人\バーチャルシューティング\開発環境\バーチャルシューティング\制作実践　クラス分け\scene.h(12): warning C4005: 'MAX_PRIORITY': マクロが再定義されました。
  C:\Program Files (x86)\Windows Kits\8.1\Include\um\winspool.h(307): note: 'MAX_PRIORITY' の以前の定義を確認してください
  life.cpp
  C:\Program Files (x86)\Microsoft DirectX SDK (June 2010)\Include\dinput.h: DIRECTINPUT_VERSION undefined. Defaulting to version 0x0800
c:\users\s-jobi-035\desktop\yosidayuto-\吉田学園情報ビジネス専門_吉田悠人\バーチャルシューティング\開発環境\バーチャルシューティング\制作実践　クラス分け\main.h(33): warning C4005: 'DIRECTINPUT_VERSION': マクロが再定義されました。
  C:\Program Files (x86)\Microsoft DirectX SDK (June 2010)\Include\dinput.h(42): note: 'DIRECTINPUT_VERSION' の以前の定義を確認してください
c:\users\s-jobi-035\desktop\yosidayuto-\吉田学園情報ビジネス専門_吉田悠人\バーチャルシューティング\開発環境\バーチャルシューティング\制作実践　クラス分け\scene.h(12): warning C4005: 'MAX_PRIORITY': マクロが再定義されました。
  C:\Program Files (x86)\Windows Kits\8.1\Include\um\winspool.h(307): note: 'MAX_PRIORITY' の以前の定義を確認してください
life.cpp(93): warning C4244: '引数': 'double' から 'FLOAT' への変換です。データが失われる可能性があります。
  main.cpp
  C:\Program Files (x86)\Microsoft DirectX SDK (June 2010)\Include\dinput.h: DIRECTINPUT_VERSION undefined. Defaulting to version 0x0800
c:\users\s-jobi-035\desktop\yosidayuto-\吉田学園情報ビジネス専門_吉田悠人\バーチャルシューティング\開発環境\バーチャルシューティング\制作実践　クラス分け\main.h(33): warning C4005: 'DIRECTINPUT_VERSION': マクロが再定義されました。
  C:\Program Files (x86)\Microsoft DirectX SDK (June 2010)\Include\dinput.h(42): note: 'DIRECTINPUT_VERSION' の以前の定義を確認してください
c:\users\s-jobi-035\desktop\yosidayuto-\吉田学園情報ビジネス専門_吉田悠人\バーチャルシューティング\開発環境\バーチャルシューティング\制作実践　クラス分け\scene.h(12): warning C4005: 'MAX_PRIORITY': マクロが再定義されました。
  C:\Program Files (x86)\Windows Kits\8.1\Include\um\winspool.h(307): note: 'MAX_PRIORITY' の以前の定義を確認してください
  manager.cpp
  C:\Program Files (x86)\Microsoft DirectX SDK (June 2010)\Include\dinput.h: DIRECTINPUT_VERSION undefined. Defaulting to version 0x0800
c:\users\s-jobi-035\desktop\yosidayuto-\吉田学園情報ビジネス専門_吉田悠人\バーチャルシューティング\開発環境\バーチャルシューティング\制作実践　クラス分け\main.h(33): warning C4005: 'DIRECTINPUT_VERSION': マクロが再定義されました。
  C:\Program Files (x86)\Microsoft DirectX SDK (June 2010)\Include\dinput.h(42): note: 'DIRECTINPUT_VERSION' の以前の定義を確認してください
c:\users\s-jobi-035\desktop\yosidayuto-\吉田学園情報ビジネス専門_吉田悠人\バーチャルシューティング\開発環境\バーチャルシューティング\制作実践　クラス分け\scene.h(12): warning C4005: 'MAX_PRIORITY': マクロが再定義されました。
  C:\Program Files (x86)\Windows Kits\8.1\Include\um\winspool.h(307): note: 'MAX_PRIORITY' の以前の定義を確認してください
  コンパイル中...
  mouse pointer.cpp
  C:\Program Files (x86)\Microsoft DirectX SDK (June 2010)\Include\dinput.h: DIRECTINPUT_VERSION undefined. Defaulting to version 0x0800
c:\users\s-jobi-035\desktop\yosidayuto-\吉田学園情報ビジネス専門_吉田悠人\バーチャルシューティング\開発環境\バーチャルシューティング\制作実践　クラス分け\main.h(33): warning C4005: 'DIRECTINPUT_VERSION': マクロが再定義されました。
  C:\Program Files (x86)\Microsoft DirectX SDK (June 2010)\Include\dinput.h(42): note: 'DIRECTINPUT_VERSION' の以前の定義を確認してください
c:\users\s-jobi-035\desktop\yosidayuto-\吉田学園情報ビジネス専門_吉田悠人\バーチャルシューティング\開発環境\バーチャルシューティング\制作実践　クラス分け\scene.h(12): warning C4005: 'MAX_PRIORITY': マクロが再定義されました。
  C:\Program Files (x86)\Windows Kits\8.1\Include\um\winspool.h(307): note: 'MAX_PRIORITY' の以前の定義を確認してください
  number.cpp
  C:\Program Files (x86)\Microsoft DirectX SDK (June 2010)\Include\dinput.h: DIRECTINPUT_VERSION undefined. Defaulting to version 0x0800
c:\users\s-jobi-035\desktop\yosidayuto-\吉田学園情報ビジネス専門_吉田悠人\バーチャルシューティング\開発環境\バーチャルシューティング\制作実践　クラス分け\main.h(33): warning C4005: 'DIRECTINPUT_VERSION': マクロが再定義されました。
  C:\Program Files (x86)\Microsoft DirectX SDK (June 2010)\Include\dinput.h(42): note: 'DIRECTINPUT_VERSION' の以前の定義を確認してください
c:\users\s-jobi-035\desktop\yosidayuto-\吉田学園情報ビジネス専門_吉田悠人\バーチャルシューティング\開発環境\バーチャルシューティング\制作実践　クラス分け\scene.h(12): warning C4005: 'MAX_PRIORITY': マクロが再定義されました。
  C:\Program Files (x86)\Windows Kits\8.1\Include\um\winspool.h(307): note: 'MAX_PRIORITY' の以前の定義を確認してください
  pause.cpp
  C:\Program Files (x86)\Microsoft DirectX SDK (June 2010)\Include\dinput.h: DIRECTINPUT_VERSION undefined. Defaulting to version 0x0800
c:\users\s-jobi-035\desktop\yosidayuto-\吉田学園情報ビジネス専門_吉田悠人\バーチャルシューティング\開発環境\バーチャルシューティング\制作実践　クラス分け\main.h(33): warning C4005: 'DIRECTINPUT_VERSION': マクロが再定義されました。
  C:\Program Files (x86)\Microsoft DirectX SDK (June 2010)\Include\dinput.h(42): note: 'DIRECTINPUT_VERSION' の以前の定義を確認してください
c:\users\s-jobi-035\desktop\yosidayuto-\吉田学園情報ビジネス専門_吉田悠人\バーチャルシューティング\開発環境\バーチャルシューティング\制作実践　クラス分け\scene.h(12): warning C4005: 'MAX_PRIORITY': マクロが再定義されました。
  C:\Program Files (x86)\Windows Kits\8.1\Include\um\winspool.h(307): note: 'MAX_PRIORITY' の以前の定義を確認してください
  player.cpp
  C:\Program Files (x86)\Microsoft DirectX SDK (June 2010)\Include\dinput.h: DIRECTINPUT_VERSION undefined. Defaulting to version 0x0800
c:\users\s-jobi-035\desktop\yosidayuto-\吉田学園情報ビジネス専門_吉田悠人\バーチャルシューティング\開発環境\バーチャルシューティング\制作実践　クラス分け\main.h(33): warning C4005: 'DIRECTINPUT_VERSION': マクロが再定義されました。
  C:\Program Files (x86)\Microsoft DirectX SDK (June 2010)\Include\dinput.h(42): note: 'DIRECTINPUT_VERSION' の以前の定義を確認してください
c:\users\s-jobi-035\desktop\yosidayuto-\吉田学園情報ビジネス専門_吉田悠人\バーチャルシューティング\開発環境\バーチャルシューティング\制作実践　クラス分け\scene.h(12): warning C4005: 'MAX_PRIORITY': マクロが再定義されました。
  C:\Program Files (x86)\Windows Kits\8.1\Include\um\winspool.h(307): note: 'MAX_PRIORITY' の以前の定義を確認してください
  renderer.cpp
  C:\Program Files (x86)\Microsoft DirectX SDK (June 2010)\Include\dinput.h: DIRECTINPUT_VERSION undefined. Defaulting to version 0x0800
c:\users\s-jobi-035\desktop\yosidayuto-\吉田学園情報ビジネス専門_吉田悠人\バーチャルシューティング\開発環境\バーチャルシューティング\制作実践　クラス分け\main.h(33): warning C4005: 'DIRECTINPUT_VERSION': マクロが再定義されました。
  C:\Program Files (x86)\Microsoft DirectX SDK (June 2010)\Include\dinput.h(42): note: 'DIRECTINPUT_VERSION' の以前の定義を確認してください
c:\users\s-jobi-035\desktop\yosidayuto-\吉田学園情報ビジネス専門_吉田悠人\バーチャルシューティング\開発環境\バーチャルシューティング\制作実践　クラス分け\scene.h(12): warning C4005: 'MAX_PRIORITY': マクロが再定義されました。
  C:\Program Files (x86)\Windows Kits\8.1\Include\um\winspool.h(307): note: 'MAX_PRIORITY' の以前の定義を確認してください
  result.cpp
  C:\Program Files (x86)\Microsoft DirectX SDK (June 2010)\Include\dinput.h: DIRECTINPUT_VERSION undefined. Defaulting to version 0x0800
c:\users\s-jobi-035\desktop\yosidayuto-\吉田学園情報ビジネス専門_吉田悠人\バーチャルシューティング\開発環境\バーチャルシューティング\制作実践　クラス分け\main.h(33): warning C4005: 'DIRECTINPUT_VERSION': マクロが再定義されました。
  C:\Program Files (x86)\Microsoft DirectX SDK (June 2010)\Include\dinput.h(42): note: 'DIRECTINPUT_VERSION' の以前の定義を確認してください
c:\users\s-jobi-035\desktop\yosidayuto-\吉田学園情報ビジネス専門_吉田悠人\バーチャルシューティング\開発環境\バーチャルシューティング\制作実践　クラス分け\scene.h(12): warning C4005: 'MAX_PRIORITY': マクロが再定義されました。
  C:\Program Files (x86)\Windows Kits\8.1\Include\um\winspool.h(307): note: 'MAX_PRIORITY' の以前の定義を確認してください
result.cpp(85): warning C4244: '引数': 'int' から 'FLOAT' への変換です。データが失われる可能性があります。
result.cpp(86): warning C4244: '引数': 'int' から 'FLOAT' への変換です。データが失われる可能性があります。
result.cpp(90): warning C4244: '引数': 'int' から 'FLOAT' への変換です。データが失われる可能性があります。
result.cpp(91): warning C4244: '引数': 'int' から 'FLOAT' への変換です。データが失われる可能性があります。
result.cpp(163): warning C4996: 'fopen': This function or variable may be unsafe. Consider using fopen_s instead. To disable deprecation, use _CRT_SECURE_NO_WARNINGS. See online help for details.
  C:\Program Files (x86)\Windows Kits\10\Include\10.0.10240.0\ucrt\stdio.h(205): note: 'fopen' の宣言を確認してください
result.cpp(168): warning C4996: 'fscanf': This function or variable may be unsafe. Consider using fscanf_s instead. To disable deprecation, use _CRT_SECURE_NO_WARNINGS. See online help for details.
  C:\Program Files (x86)\Windows Kits\10\Include\10.0.10240.0\ucrt\stdio.h(1193): note: 'fscanf' の宣言を確認してください
result.cpp(183): warning C4996: 'fopen': This function or variable may be unsafe. Consider using fopen_s instead. To disable deprecation, use _CRT_SECURE_NO_WARNINGS. See online help for details.
  C:\Program Files (x86)\Windows Kits\10\Include\10.0.10240.0\ucrt\stdio.h(205): note: 'fopen' の宣言を確認してください
  resultBg.cpp
  C:\Program Files (x86)\Microsoft DirectX SDK (June 2010)\Include\dinput.h: DIRECTINPUT_VERSION undefined. Defaulting to version 0x0800
c:\users\s-jobi-035\desktop\yosidayuto-\吉田学園情報ビジネス専門_吉田悠人\バーチャルシューティング\開発環境\バーチャルシューティング\制作実践　クラス分け\main.h(33): warning C4005: 'DIRECTINPUT_VERSION': マクロが再定義されました。
  C:\Program Files (x86)\Microsoft DirectX SDK (June 2010)\Include\dinput.h(42): note: 'DIRECTINPUT_VERSION' の以前の定義を確認してください
c:\users\s-jobi-035\desktop\yosidayuto-\吉田学園情報ビジネス専門_吉田悠人\バーチャルシューティング\開発環境\バーチャルシューティング\制作実践　クラス分け\scene.h(12): warning C4005: 'MAX_PRIORITY': マクロが再定義されました。
  C:\Program Files (x86)\Windows Kits\8.1\Include\um\winspool.h(307): note: 'MAX_PRIORITY' の以前の定義を確認してください
  scene.cpp
  C:\Program Files (x86)\Microsoft DirectX SDK (June 2010)\Include\dinput.h: DIRECTINPUT_VERSION undefined. Defaulting to version 0x0800
c:\users\s-jobi-035\desktop\yosidayuto-\吉田学園情報ビジネス専門_吉田悠人\バーチャルシューティング\開発環境\バーチャルシューティング\制作実践　クラス分け\main.h(33): warning C4005: 'DIRECTINPUT_VERSION': マクロが再定義されました。
  C:\Program Files (x86)\Microsoft DirectX SDK (June 2010)\Include\dinput.h(42): note: 'DIRECTINPUT_VERSION' の以前の定義を確認してください
c:\users\s-jobi-035\desktop\yosidayuto-\吉田学園情報ビジネス専門_吉田悠人\バーチャルシューティング\開発環境\バーチャルシューティング\制作実践　クラス分け\scene.h(12): warning C4005: 'MAX_PRIORITY': マクロが再定義されました。
  C:\Program Files (x86)\Windows Kits\8.1\Include\um\winspool.h(307): note: 'MAX_PRIORITY' の以前の定義を確認してください
  scene2d.cpp
  C:\Program Files (x86)\Microsoft DirectX SDK (June 2010)\Include\dinput.h: DIRECTINPUT_VERSION undefined. Defaulting to version 0x0800
c:\users\s-jobi-035\desktop\yosidayuto-\吉田学園情報ビジネス専門_吉田悠人\バーチャルシューティング\開発環境\バーチャルシューティング\制作実践　クラス分け\main.h(33): warning C4005: 'DIRECTINPUT_VERSION': マクロが再定義されました。
  C:\Program Files (x86)\Microsoft DirectX SDK (June 2010)\Include\dinput.h(42): note: 'DIRECTINPUT_VERSION' の以前の定義を確認してください
c:\users\s-jobi-035\desktop\yosidayuto-\吉田学園情報ビジネス専門_吉田悠人\バーチャルシューティング\開発環境\バーチャルシューティング\制作実践　クラス分け\scene.h(12): warning C4005: 'MAX_PRIORITY': マクロが再定義されました。
  C:\Program Files (x86)\Windows Kits\8.1\Include\um\winspool.h(307): note: 'MAX_PRIORITY' の以前の定義を確認してください
scene2d.cpp(32): warning C4244: '引数': 'double' から 'float' への変換です。データが失われる可能性があります。
scene2d.cpp(33): warning C4244: '=': 'double' から 'float' への変換です。データが失われる可能性があります。
scene2d.cpp(105): warning C4244: '初期化中': 'double' から 'float' への変換です。データが失われる可能性があります。
scene2d.cpp(106): warning C4244: '初期化中': 'double' から 'float' への変換です。データが失われる可能性があります。
scene2d.cpp(111): warning C4244: '=': 'double' から 'float' への変換です。データが失われる可能性があります。
scene2d.cpp(112): warning C4244: '=': 'double' から 'float' への変換です。データが失われる可能性があります。
scene2d.cpp(114): warning C4244: '=': 'double' から 'float' への変換です。データが失われる可能性があります。
scene2d.cpp(115): warning C4244: '=': 'double' から 'float' への変換です。データが失われる可能性があります。
scene2d.cpp(118): warning C4244: '=': 'double' から 'float' への変換です。データが失われる可能性があります。
scene2d.cpp(119): warning C4244: '=': 'double' から 'float' への変換です。データが失われる可能性があります。
  score.cpp
  C:\Program Files (x86)\Microsoft DirectX SDK (June 2010)\Include\dinput.h: DIRECTINPUT_VERSION undefined. Defaulting to version 0x0800
c:\users\s-jobi-035\desktop\yosidayuto-\吉田学園情報ビジネス専門_吉田悠人\バーチャルシューティング\開発環境\バーチャルシューティング\制作実践　クラス分け\main.h(33): warning C4005: 'DIRECTINPUT_VERSION': マクロが再定義されました。
  C:\Program Files (x86)\Microsoft DirectX SDK (June 2010)\Include\dinput.h(42): note: 'DIRECTINPUT_VERSION' の以前の定義を確認してください
c:\users\s-jobi-035\desktop\yosidayuto-\吉田学園情報ビジネス専門_吉田悠人\バーチャルシューティング\開発環境\バーチャルシューティング\制作実践　クラス分け\scene.h(12): warning C4005: 'MAX_PRIORITY': マクロが再定義されました。
  C:\Program Files (x86)\Windows Kits\8.1\Include\um\winspool.h(307): note: 'MAX_PRIORITY' の以前の定義を確認してください
score.cpp(49): warning C4800: 'BOOL': ブール値を 'true' または 'false' に強制的に設定します (警告の処理)
score.cpp(74): warning C4244: '引数': 'double' から 'FLOAT' への変換です。データが失われる可能性があります。
  select.cpp
  C:\Program Files (x86)\Microsoft DirectX SDK (June 2010)\Include\dinput.h: DIRECTINPUT_VERSION undefined. Defaulting to version 0x0800
c:\users\s-jobi-035\desktop\yosidayuto-\吉田学園情報ビジネス専門_吉田悠人\バーチャルシューティング\開発環境\バーチャルシューティング\制作実践　クラス分け\main.h(33): warning C4005: 'DIRECTINPUT_VERSION': マクロが再定義されました。
  C:\Program Files (x86)\Microsoft DirectX SDK (June 2010)\Include\dinput.h(42): note: 'DIRECTINPUT_VERSION' の以前の定義を確認してください
c:\users\s-jobi-035\desktop\yosidayuto-\吉田学園情報ビジネス専門_吉田悠人\バーチャルシューティング\開発環境\バーチャルシューティング\制作実践　クラス分け\scene.h(12): warning C4005: 'MAX_PRIORITY': マクロが再定義されました。
  C:\Program Files (x86)\Windows Kits\8.1\Include\um\winspool.h(307): note: 'MAX_PRIORITY' の以前の定義を確認してください
  selectbg.cpp
  C:\Program Files (x86)\Microsoft DirectX SDK (June 2010)\Include\dinput.h: DIRECTINPUT_VERSION undefined. Defaulting to version 0x0800
c:\users\s-jobi-035\desktop\yosidayuto-\吉田学園情報ビジネス専門_吉田悠人\バーチャルシューティング\開発環境\バーチャルシューティング\制作実践　クラス分け\main.h(33): warning C4005: 'DIRECTINPUT_VERSION': マクロが再定義されました。
  C:\Program Files (x86)\Microsoft DirectX SDK (June 2010)\Include\dinput.h(42): note: 'DIRECTINPUT_VERSION' の以前の定義を確認してください
c:\users\s-jobi-035\desktop\yosidayuto-\吉田学園情報ビジネス専門_吉田悠人\バーチャルシューティング\開発環境\バーチャルシューティング\制作実践　クラス分け\scene.h(12): warning C4005: 'MAX_PRIORITY': マクロが再定義されました。
  C:\Program Files (x86)\Windows Kits\8.1\Include\um\winspool.h(307): note: 'MAX_PRIORITY' の以前の定義を確認してください
  sound.cpp
  C:\Program Files (x86)\Microsoft DirectX SDK (June 2010)\Include\dinput.h: DIRECTINPUT_VERSION undefined. Defaulting to version 0x0800
c:\users\s-jobi-035\desktop\yosidayuto-\吉田学園情報ビジネス専門_吉田悠人\バーチャルシューティング\開発環境\バーチャルシューティング\制作実践　クラス分け\main.h(33): warning C4005: 'DIRECTINPUT_VERSION': マクロが再定義されました。
  C:\Program Files (x86)\Microsoft DirectX SDK (June 2010)\Include\dinput.h(42): note: 'DIRECTINPUT_VERSION' の以前の定義を確認してください
  telop_bar.cpp
  C:\Program Files (x86)\Microsoft DirectX SDK (June 2010)\Include\dinput.h: DIRECTINPUT_VERSION undefined. Defaulting to version 0x0800
c:\users\s-jobi-035\desktop\yosidayuto-\吉田学園情報ビジネス専門_吉田悠人\バーチャルシューティング\開発環境\バーチャルシューティング\制作実践　クラス分け\main.h(33): warning C4005: 'DIRECTINPUT_VERSION': マクロが再定義されました。
  C:\Program Files (x86)\Microsoft DirectX SDK (June 2010)\Include\dinput.h(42): note: 'DIRECTINPUT_VERSION' の以前の定義を確認してください
c:\users\s-jobi-035\desktop\yosidayuto-\吉田学園情報ビジネス専門_吉田悠人\バーチャルシューティング\開発環境\バーチャルシューティング\制作実践　クラス分け\scene.h(12): warning C4005: 'MAX_PRIORITY': マクロが再定義されました。
  C:\Program Files (x86)\Windows Kits\8.1\Include\um\winspool.h(307): note: 'MAX_PRIORITY' の以前の定義を確認してください
  telop_text.cpp
  C:\Program Files (x86)\Microsoft DirectX SDK (June 2010)\Include\dinput.h: DIRECTINPUT_VERSION undefined. Defaulting to version 0x0800
c:\users\s-jobi-035\desktop\yosidayuto-\吉田学園情報ビジネス専門_吉田悠人\バーチャルシューティング\開発環境\バーチャルシューティング\制作実践　クラス分け\main.h(33): warning C4005: 'DIRECTINPUT_VERSION': マクロが再定義されました。
  C:\Program Files (x86)\Microsoft DirectX SDK (June 2010)\Include\dinput.h(42): note: 'DIRECTINPUT_VERSION' の以前の定義を確認してください
c:\users\s-jobi-035\desktop\yosidayuto-\吉田学園情報ビジネス専門_吉田悠人\バーチャルシューティング\開発環境\バーチャルシューティング\制作実践　クラス分け\scene.h(12): warning C4005: 'MAX_PRIORITY': マクロが再定義されました。
  C:\Program Files (x86)\Windows Kits\8.1\Include\um\winspool.h(307): note: 'MAX_PRIORITY' の以前の定義を確認してください
  text.cpp
  C:\Program Files (x86)\Microsoft DirectX SDK (June 2010)\Include\dinput.h: DIRECTINPUT_VERSION undefined. Defaulting to version 0x0800
c:\users\s-jobi-035\desktop\yosidayuto-\吉田学園情報ビジネス専門_吉田悠人\バーチャルシューティング\開発環境\バーチャルシューティング\制作実践　クラス分け\main.h(33): warning C4005: 'DIRECTINPUT_VERSION': マクロが再定義されました。
  C:\Program Files (x86)\Microsoft DirectX SDK (June 2010)\Include\dinput.h(42): note: 'DIRECTINPUT_VERSION' の以前の定義を確認してください
c:\users\s-jobi-035\desktop\yosidayuto-\吉田学園情報ビジネス専門_吉田悠人\バーチャルシューティング\開発環境\バーチャルシューティング\制作実践　クラス分け\scene.h(12): warning C4005: 'MAX_PRIORITY': マクロが再定義されました。
  C:\Program Files (x86)\Windows Kits\8.1\Include\um\winspool.h(307): note: 'MAX_PRIORITY' の以前の定義を確認してください
  title.cpp
  C:\Program Files (x86)\Microsoft DirectX SDK (June 2010)\Include\dinput.h: DIRECTINPUT_VERSION undefined. Defaulting to version 0x0800
c:\users\s-jobi-035\desktop\yosidayuto-\吉田学園情報ビジネス専門_吉田悠人\バーチャルシューティング\開発環境\バーチャルシューティング\制作実践　クラス分け\main.h(33): warning C4005: 'DIRECTINPUT_VERSION': マクロが再定義されました。
  C:\Program Files (x86)\Microsoft DirectX SDK (June 2010)\Include\dinput.h(42): note: 'DIRECTINPUT_VERSION' の以前の定義を確認してください
c:\users\s-jobi-035\desktop\yosidayuto-\吉田学園情報ビジネス専門_吉田悠人\バーチャルシューティング\開発環境\バーチャルシューティング\制作実践　クラス分け\scene.h(12): warning C4005: 'MAX_PRIORITY': マクロが再定義されました。
  C:\Program Files (x86)\Windows Kits\8.1\Include\um\winspool.h(307): note: 'MAX_PRIORITY' の以前の定義を確認してください
  tutorial.cpp
  C:\Program Files (x86)\Microsoft DirectX SDK (June 2010)\Include\dinput.h: DIRECTINPUT_VERSION undefined. Defaulting to version 0x0800
c:\users\s-jobi-035\desktop\yosidayuto-\吉田学園情報ビジネス専門_吉田悠人\バーチャルシューティング\開発環境\バーチャルシューティング\制作実践　クラス分け\main.h(33): warning C4005: 'DIRECTINPUT_VERSION': マクロが再定義されました。
  C:\Program Files (x86)\Microsoft DirectX SDK (June 2010)\Include\dinput.h(42): note: 'DIRECTINPUT_VERSION' の以前の定義を確認してください
c:\users\s-jobi-035\desktop\yosidayuto-\吉田学園情報ビジネス専門_吉田悠人\バーチャルシューティング\開発環境\バーチャルシューティング\制作実践　クラス分け\scene.h(12): warning C4005: 'MAX_PRIORITY': マクロが再定義されました。
  C:\Program Files (x86)\Windows Kits\8.1\Include\um\winspool.h(307): note: 'MAX_PRIORITY' の以前の定義を確認してください
  ui.cpp
  C:\Program Files (x86)\Microsoft DirectX SDK (June 2010)\Include\dinput.h: DIRECTINPUT_VERSION undefined. Defaulting to version 0x0800
c:\users\s-jobi-035\desktop\yosidayuto-\吉田学園情報ビジネス専門_吉田悠人\バーチャルシューティング\開発環境\バーチャルシューティング\制作実践　クラス分け\main.h(33): warning C4005: 'DIRECTINPUT_VERSION': マクロが再定義されました。
  C:\Program Files (x86)\Microsoft DirectX SDK (June 2010)\Include\dinput.h(42): note: 'DIRECTINPUT_VERSION' の以前の定義を確認してください
c:\users\s-jobi-035\desktop\yosidayuto-\吉田学園情報ビジネス専門_吉田悠人\バーチャルシューティング\開発環境\バーチャルシューティング\制作実践　クラス分け\scene.h(12): warning C4005: 'MAX_PRIORITY': マクロが再定義されました。
  C:\Program Files (x86)\Windows Kits\8.1\Include\um\winspool.h(307): note: 'MAX_PRIORITY' の以前の定義を確認してください
  warning.cpp
  C:\Program Files (x86)\Microsoft DirectX SDK (June 2010)\Include\dinput.h: DIRECTINPUT_VERSION undefined. Defaulting to version 0x0800
c:\users\s-jobi-035\desktop\yosidayuto-\吉田学園情報ビジネス専門_吉田悠人\バーチャルシューティング\開発環境\バーチャルシューティング\制作実践　クラス分け\main.h(33): warning C4005: 'DIRECTINPUT_VERSION': マクロが再定義されました。
  C:\Program Files (x86)\Microsoft DirectX SDK (June 2010)\Include\dinput.h(42): note: 'DIRECTINPUT_VERSION' の以前の定義を確認してください
c:\users\s-jobi-035\desktop\yosidayuto-\吉田学園情報ビジネス専門_吉田悠人\バーチャルシューティング\開発環境\バーチャルシューティング\制作実践　クラス分け\scene.h(12): warning C4005: 'MAX_PRIORITY': マクロが再定義されました。
  C:\Program Files (x86)\Windows Kits\8.1\Include\um\winspool.h(307): note: 'MAX_PRIORITY' の以前の定義を確認してください
  コンパイル中...
  weapon_UI.cpp
  C:\Program Files (x86)\Microsoft DirectX SDK (June 2010)\Include\dinput.h: DIRECTINPUT_VERSION undefined. Defaulting to version 0x0800
c:\users\s-jobi-035\desktop\yosidayuto-\吉田学園情報ビジネス専門_吉田悠人\バーチャルシューティング\開発環境\バーチャルシューティング\制作実践　クラス分け\main.h(33): warning C4005: 'DIRECTINPUT_VERSION': マクロが再定義されました。
  C:\Program Files (x86)\Microsoft DirectX SDK (June 2010)\Include\dinput.h(42): note: 'DIRECTINPUT_VERSION' の以前の定義を確認してください
c:\users\s-jobi-035\desktop\yosidayuto-\吉田学園情報ビジネス専門_吉田悠人\バーチャルシューティング\開発環境\バーチャルシューティング\制作実践　クラス分け\scene.h(12): warning C4005: 'MAX_PRIORITY': マクロが再定義されました。
  C:\Program Files (x86)\Windows Kits\8.1\Include\um\winspool.h(307): note: 'MAX_PRIORITY' の以前の定義を確認してください
  window.cpp
  C:\Program Files (x86)\Microsoft DirectX SDK (June 2010)\Include\dinput.h: DIRECTINPUT_VERSION undefined. Defaulting to version 0x0800
c:\users\s-jobi-035\desktop\yosidayuto-\吉田学園情報ビジネス専門_吉田悠人\バーチャルシューティング\開発環境\バーチャルシューティング\制作実践　クラス分け\main.h(33): warning C4005: 'DIRECTINPUT_VERSION': マクロが再定義されました。
  C:\Program Files (x86)\Microsoft DirectX SDK (June 2010)\Include\dinput.h(42): note: 'DIRECTINPUT_VERSION' の以前の定義を確認してください
c:\users\s-jobi-035\desktop\yosidayuto-\吉田学園情報ビジネス専門_吉田悠人\バーチャルシューティング\開発環境\バーチャルシューティング\制作実践　クラス分け\scene.h(12): warning C4005: 'MAX_PRIORITY': マクロが再定義されました。
  C:\Program Files (x86)\Windows Kits\8.1\Include\um\winspool.h(307): note: 'MAX_PRIORITY' の以前の定義を確認してください
window.cpp(136): warning C4800: 'bool *': ブール値を 'true' または 'false' に強制的に設定します (警告の処理)
  コード生成しています。
c:\users\s-jobi-035\desktop\yosidayuto-\吉田学園情報ビジネス専門_吉田悠人\バーチャルシューティング\開発環境\バーチャルシューティング\制作実践　クラス分け\enemy.cpp(461): warning C4715: 'CEnemy::Spiral': 値を返さないコントロール パスがあります。
c:\users\s-jobi-035\desktop\yosidayuto-\吉田学園情報ビジネス専門_吉田悠人\バーチャルシューティング\開発環境\バーチャルシューティング\制作実践　クラス分け\enemy.cpp(433): warning C4715: 'CEnemy::Random': 値を返さないコントロール パスがあります。
c:\users\s-jobi-035\desktop\yosidayuto-\吉田学園情報ビジネス専門_吉田悠人\バーチャルシューティング\開発環境\バーチャルシューティング\制作実践　クラス分け\enemy.cpp(402): warning C4715: 'CEnemy::Tracking': 値を返さないコントロール パスがあります。
c:\users\s-jobi-035\desktop\yosidayuto-\吉田学園情報ビジネス専門_吉田悠人\バーチャルシューティング\開発環境\バーチャルシューティング\制作実践　クラス分け\boss.cpp(584): warning C4715: 'CBoss::Spiral': 値を返さないコントロール パスがあります。
c:\users\s-jobi-035\desktop\yosidayuto-\吉田学園情報ビジネス専門_吉田悠人\バーチャルシューティング\開発環境\バーチャルシューティング\制作実践　クラス分け\boss.cpp(568): warning C4715: 'CBoss::Random': 値を返さないコントロール パスがあります。
c:\users\s-jobi-035\desktop\yosidayuto-\吉田学園情報ビジネス専門_吉田悠人\バーチャルシューティング\開発環境\バーチャルシューティング\制作実践　クラス分け\boss.cpp(550): warning C4715: 'CBoss::Tracking': 値を返さないコントロール パスがあります。
c:\users\s-jobi-035\desktop\yosidayuto-\吉田学園情報ビジネス専門_吉田悠人\バーチャルシューティング\開発環境\バーチャルシューティング\制作実践　クラス分け\window.cpp(59): warning C4715: 'CWindow::Create': 値を返さないコントロール パスがあります。
  All 475 functions were compiled because no usable IPDB/IOBJ from previous compilation was found.
  コード生成が終了しました。
  制作実践　クラス分け.vcxproj -> C:\Users\S-JoBi-035\Desktop\yosidayuto-\吉田学園情報ビジネス専門_吉田悠人\バーチャルシューティング\開発環境\バーチャルシューティング\Release\バーチャルシューティング　制作.exe
  制作実践　クラス分け.vcxproj -> C:\Users\S-JoBi-035\Desktop\yosidayuto-\吉田学園情報ビジネス専門_吉田悠人\バーチャルシューティング\開発環境\バーチャルシューティング\Release\バーチャルシューティング　制作.pdb (Full PDB)
