  boss effect2.cpp
  boss effect3.cpp
  boss base.cpp
  boss effect base.cpp
  boss effect1.cpp
  boss type1.cpp
  boss type2.cpp
  boss type3.cpp
  buckshot.cpp
  bullet base.cpp
  bullet button.cpp
  bg.cpp
  bullet icon.cpp
  button manager.cpp
  delete effect1.cpp
  delete effect2.cpp
  delete effect3.cpp
  enemy base.cpp
  enemy bullet.cpp
  enemy type1.cpp
  コンパイル中...
  enemy type2.cpp
  enemy type3.cpp
  enemy type4.cpp
  full range shots.cpp
  game bg manager.cpp
  game bg.cpp
  game pointer.cpp
  game scroll bg.cpp
  homing button.cpp
  homing icon.cpp
  homing.cpp
  laser button.cpp
  laser icon.cpp
  laser.cpp
  life tank.cpp
  load bg.cpp
  load.cpp
  player data.cpp
  result bg.cpp
  score bar.cpp
  コンパイル中...
  select pointer.cpp
  shots base.cpp
  shots.cpp
  spiral.cpp
  split shots.cpp
  stage.cpp
  stage_1.cpp
  stage_2.cpp
  stage_3.cpp
  telop bullet.cpp
  telop homing.cpp
  telop laser.cpp
  telop life.cpp
  telop speed.cpp
  telop tutorial.cpp
  texture.cpp
  bullet.cpp
  button.cpp
  clear.cpp
  effect.cpp
  コンパイル中...
  explosion.cpp
  fade.cpp
  game.cpp
  inihkeyboard.cpp
  input.cpp
  inputmouse.cpp
  life button.cpp
  life ui.cpp
  life.cpp
  main.cpp
  manager.cpp
  mouse pointer.cpp
  number.cpp
  player.cpp
  renderer.cpp
  result.cpp
  scene.cpp
  scene2d.cpp
  score.cpp
  select.cpp
  コンパイル中...
  select bg.cpp
  sound.cpp
  speed button.cpp
  start button.cpp
  telop.cpp
  title bg.cpp
  title.cpp
  tutorial bg.cpp
  tutorial.cpp
  ui count.cpp
  warning.cpp
  weapon manager.cpp
  weapon ui.cpp
  コード生成しています。
  All 1040 functions were compiled because no usable IPDB/IOBJ from previous compilation was found.
  コード生成が終了しました。
  Virtual Shooting.vcxproj -> C:\Users\S-JoBi-035\Desktop\就活\yosidayuto-\吉田学園情報ビジネス専門学校_吉田悠人\01_二年シューティングゲーム\0_バーチャルシューティング\開発環境\Release\Virtual Shooting.exe
  Virtual Shooting.vcxproj -> C:\Users\S-JoBi-035\Desktop\就活\yosidayuto-\吉田学園情報ビジネス専門学校_吉田悠人\01_二年シューティングゲーム\0_バーチャルシューティング\開発環境\Release\Virtual Shooting.pdb (Full PDB)
